生成启动时间为 2014/2/10 17:13:02。
     1>项目“F:\5cs\vscode\JelloSim_basecode\tinyxml\tinyxmlSTL.vcxproj”在节点 2 上(build 个目标)。
     1>InitializeBuildStatus:
         正在创建“.\Release_STL\tinyxmlSTL.unsuccessfulbuild”，因为已指定“AlwaysCreate”。
       ClCompile:
         D:\Program Files\Microsoft Visual Studio 10.0\VC\bin\CL.exe /c /Zi /nologo /W3 /WX- /O2 /Ob1 /Oy- /D WIN32 /D NDEBUG /D _LIB /D TIXML_USE_STL /D _VC80_UPGRADE=0x0600 /D _MBCS /GF /Gm- /EHsc /MD /GS /Gy /fp:precise /Zc:wchar_t /Zc:forScope /Fo".\Release_STL/" /Fd".\Release_STL/vc100.pdb" /FR".\Release_STL\\" /Gd /TP /analyze- /errorReport:prompt tinystr.cpp tinyxml.cpp tinyxmlerror.cpp tinyxmlparser.cpp
         tinystr.cpp
         tinyxml.cpp
         tinyxmlerror.cpp
         tinyxmlparser.cpp
         正在生成代码...
     1>C:\Program Files (x86)\MSBuild\Microsoft.Cpp\v4.0\Microsoft.CppBuild.targets(1151,5): warning MSB8012: TargetPath(F:\5cs\vscode\JelloSim_basecode\tinyxml\.\tinyxmlSTL.lib) 与 Library 的 OutputFile 属性值(F:\5cs\vscode\JelloSim_basecode\tinyxml\tinyxml_STL.lib)不匹配。这可能导致项目生成不正确。若要更正此问题，请确保 $(OutDir)、$(TargetName) 和 $(TargetExt) 属性值与 %(Lib.OutputFile) 中指定的值匹配。
     1>C:\Program Files (x86)\MSBuild\Microsoft.Cpp\v4.0\Microsoft.CppBuild.targets(1153,5): warning MSB8012: TargetName(tinyxmlSTL) 与 Library 的 OutputFile 属性值(tinyxml_STL)不匹配。这可能导致项目生成不正确。若要更正此问题，请确保 $(OutDir)、$(TargetName) 和 $(TargetExt) 属性值与 %(Lib.OutputFile) 中指定的值匹配。
       Lib:
         D:\Program Files\Microsoft Visual Studio 10.0\VC\bin\Lib.exe /OUT:"tinyxml_STL.lib" /NOLOGO .\Release_STL/tinystr.obj
         .\Release_STL/tinyxml.obj
         .\Release_STL/tinyxmlerror.obj
         .\Release_STL/tinyxmlparser.obj
         tinyxmlSTL.vcxproj -> F:\5cs\vscode\JelloSim_basecode\tinyxml\.\tinyxmlSTL.lib
       BscMake:
         D:\Program Files\Microsoft Visual Studio 10.0\VC\bin\bscmake.exe /nologo /o".\Release_STL/tinyxmlSTL.bsc" .\Release_STL\tinystr.sbr .\Release_STL\tinyxml.sbr .\Release_STL\tinyxmlerror.sbr .\Release_STL\tinyxmlparser.sbr
       FinalizeBuildStatus:
         正在删除文件“.\Release_STL\tinyxmlSTL.unsuccessfulbuild”。
         正在对“.\Release_STL\tinyxmlSTL.lastbuildstate”执行 Touch 任务。
     1>已完成生成项目“F:\5cs\vscode\JelloSim_basecode\tinyxml\tinyxmlSTL.vcxproj”(build 个目标)的操作。

生成成功。

已用时间 00:00:02.80
