生成启动时间为 2014/2/18 13:23:45。
     1>项目“F:\5cs\vscode\JelloSim_basecode\JelloSim\JelloSim.vcxproj”在节点 2 上(build 个目标)。
     1>InitializeBuildStatus:
         正在创建“Release\JelloSim.unsuccessfulbuild”，因为已指定“AlwaysCreate”。
       ClCompile:
         D:\Program Files\Microsoft Visual Studio 10.0\VC\bin\CL.exe /c /I..\DevIL1.6.7\include /I..\tinyxml /I..\glut /Zi /nologo /W3 /WX- /O2 /Oi /Oy- /GL /D _MBCS /Gm- /EHsc /MD /GS /Gy /fp:precise /Zc:wchar_t /Zc:forScope /Fo"Release\\" /Fd"Release\vc100.pdb" /Gd /TP /analyze- /errorReport:prompt jelloMesh.cpp
         jelloMesh.cpp
       Link:
         D:\Program Files\Microsoft Visual Studio 10.0\VC\bin\link.exe /ERRORREPORT:PROMPT /OUT:"F:\5cs\vscode\JelloSim_basecode\Release\JelloSim.exe" /NOLOGO /LIBPATH:..\DevIL1.6.7\lib /LIBPATH:..\tinyxml /LIBPATH:..\glut DevIL.lib ilu.lib ilut.lib glut32.lib tinyxml_STL.lib kernel32.lib user32.lib gdi32.lib winspool.lib comdlg32.lib advapi32.lib shell32.lib ole32.lib oleaut32.lib uuid.lib odbc32.lib odbccp32.lib /MANIFEST /ManifestFile:"Release\JelloSim.exe.intermediate.manifest" /MANIFESTUAC:"level='asInvoker' uiAccess='false'" /DEBUG /PDB:"F:\5cs\vscode\JelloSim_basecode\Release\JelloSim.pdb" /OPT:REF /OPT:ICF /LTCG /TLBID:1 /DYNAMICBASE /NXCOMPAT /IMPLIB:"F:\5cs\vscode\JelloSim_basecode\Release\JelloSim.lib" /MACHINE:X86 Release\camera.obj
         Release\fps.obj
         Release\jelloMesh.obj
         Release\main.obj
         Release\vec.obj
         Release\world.obj
         正在生成代码
         已完成代码的生成
         JelloSim.vcxproj -> F:\5cs\vscode\JelloSim_basecode\Release\JelloSim.exe
       Manifest:
         C:\Program Files (x86)\Microsoft SDKs\Windows\v7.0A\bin\mt.exe /nologo /verbose /outputresource:"F:\5cs\vscode\JelloSim_basecode\Release\JelloSim.exe;#1" /manifest Release\JelloSim.exe.intermediate.manifest
       FinalizeBuildStatus:
         正在删除文件“Release\JelloSim.unsuccessfulbuild”。
         正在对“Release\JelloSim.lastbuildstate”执行 Touch 任务。
     1>已完成生成项目“F:\5cs\vscode\JelloSim_basecode\JelloSim\JelloSim.vcxproj”(build 个目标)的操作。

生成成功。

已用时间 00:00:03.56
